[url] https://www.youtube.com/watch?v=bhuGrjuCM_g&t=135s
[browser] chrome:Default
[page-title] 🚀让OpenClaw实现真正自我进化！让龙虾越用越聪明！memory-lancedb-pro记忆插件大升级！智能提取功能实测，告别垃圾记忆！小白也能一键全自动安装配置！让AI真正记住你，龙虾保姆级教程
[html-candidates] 0
[runtime-capture] 复用Chrome会话失败: BrowserType.launch_persistent_context: Failed to create a ProcessSingleton for your profile directory. This usually means that the profile is already in use by another instance of Chromium.
Call log:
  - <launching> /Applications/Google Chrome.app/Contents/MacOS/Google Chrome --disable-field-trial-config --disable-background-networking --disable-background-timer-throttling --disable-backgrounding-occluded-windows --disable-back-forward-cache --disable-breakpad --disable-client-side-phishing-detection --disable-component-extensions-with-background-pages --disable-component-update --no-default-browser-check --disable-default-apps --disable-dev-shm-usage --disable-extensions --disable-features=AvoidUnnecessaryBeforeUnloadCheckSync,BoundaryEventDispatchTracksNodeRemoval,DestroyProfileOnBrowserClose,DialMediaRouteProvider,GlobalMediaControls,HttpsUpgrades,LensOverlay,MediaRouter,PaintHolding,ThirdPartyStoragePartitioning,Translate,AutoDeElevate,RenderDocument,OptimizationHints --enable-features=CDPScreenshotNewSurface --allow-pre-commit-input --disable-hang-monitor --disable-ipc-flooding-protection --disable-popup-blocking --disable-prompt-on-repost --disable-renderer-backgrounding --force-color-profile=srgb --metrics-recording-only --no-first-run --password-store=basic --use-mock-keychain --no-service-autorun --export-tagged-pdf --disable-search-engine-choice-screen --unsafely-disable-devtools-self-xss-warnings --edge-skip-compat-layer-relaunch --enable-automation --disable-infobars --disable-search-engine-choice-screen --disable-sync --enable-unsafe-swiftshader --no-sandbox --profile-directory=Default --user-data-dir=/Users/yr001/Library/Application Support/Google/Chrome --remote-debugging-pipe about:blank
  - <launched> pid=2857
  - [pid=2857][err] [2857:2802718:0315/202412.149537:ERROR:chrome/browser/process_singleton_posix.cc:345] Failed to create /Users/yr001/Library/Application Support/Google/Chrome/SingletonLock: File exists (17)
  - [pid=2857][err] [2857:2802718:0315/202412.156503:ERROR:chrome/app/chrome_main_delegate.cc:513] Failed to create a ProcessSingleton for your profile directory. This means that running multiple instances would start multiple browser processes rather than opening a new window in the existing process. Aborting now to avoid profile corruption.
  - [pid=2857] <gracefully close start>
  - [pid=2857] <kill>
  - [pid=2857] <will force kill>
  - [pid=2857] exception while trying to kill process: Error: kill EPERM
  - [pid=2857] <process did exit: exitCode=21, signal=null>
  - [pid=2857] starting temporary directories cleanup
  - [pid=2857] finished temporary directories cleanup
  - [pid=2857] <gracefully close end>

[runtime-capture] 使用临时上下文。
[runtime-capture] 年龄确认命中(js): matched-by-attr
[runtime-capture] 已自动处理年龄确认流程。
[runtime-capture] 年龄确认命中(js): matched-by-attr
[runtime-capture] 已自动处理年龄确认流程。
[runtime-capture] 已打开页面，等待 30s 捕获播放请求...
[runtime-candidates] 1
[all-candidates] 1
[probe-candidate] https://fonts.gstatic.com/s/i/youtube_outline_experimental/playlist/v5/24px.svg
[probe-candidate-exit] 1
[generic] Extracting URL: https://fonts.gstatic.com/s/i/youtube_outline_experimental/playlist/v5/24px.svg
[generic] 24px: Downloading webpage
[generic] 24px: Extracting information

WARNING: [generic] Falling back on generic information extractor
ERROR: Unsupported URL: https://fonts.gstatic.com/s/i/youtube_outline_experimental/playlist/v5/24px.svg

[selected-url] https://fonts.gstatic.com/s/i/youtube_outline_experimental/playlist/v5/24px.svg
[download-cmd] /Users/yr001/.openclaw/workspace/PSiteDL/.venv/bin/yt-dlp --no-playlist --newline --progress --progress-template download:[site-progress] %(progress.fragment_index)s/%(progress.fragment_count)s --add-header Referer:https://www.youtube.com/watch?v=bhuGrjuCM_g&t=135s --add-header User-Agent:Mozilla/5.0 (Macintosh; Intel Mac OS X 10_15_7) AppleWebKit/537.36 (KHTML, like Gecko) Chrome/124.0.0.0 Safari/537.36 --format bv*+ba/b --merge-output-format mp4 --output /Users/yr001/Downloads/🚀让OpenClaw实现真正自我进化！让龙虾越用越聪明！memory-lancedb-pro记忆插件大升级！智能提取功能实测，告别垃圾记忆！小白也能一键全自动安装配置！让AI真正记住你，龙虾保姆级教程.%(ext)s --print after_move:filepath https://fonts.gstatic.com/s/i/youtube_outline_experimental/playlist/v5/24px.svg
[download-exit] 1
[download-output]
WARNING: [generic] Falling back on generic information extractor
ERROR: Unsupported URL: https://fonts.gstatic.com/s/i/youtube_outline_experimental/playlist/v5/24px.svg
[fallback] 选中切片流失败，回退下载页面URL。
[download-cmd] /Users/yr001/.openclaw/workspace/PSiteDL/.venv/bin/yt-dlp --no-playlist --newline --progress --progress-template download:[site-progress] %(progress.fragment_index)s/%(progress.fragment_count)s --add-header Referer:https://www.youtube.com/watch?v=bhuGrjuCM_g&t=135s --add-header User-Agent:Mozilla/5.0 (Macintosh; Intel Mac OS X 10_15_7) AppleWebKit/537.36 (KHTML, like Gecko) Chrome/124.0.0.0 Safari/537.36 --format bv*+ba/b --merge-output-format mp4 --output /Users/yr001/Downloads/🚀让OpenClaw实现真正自我进化！让龙虾越用越聪明！memory-lancedb-pro记忆插件大升级！智能提取功能实测，告别垃圾记忆！小白也能一键全自动安装配置！让AI真正记住你，龙虾保姆级教程.%(ext)s --print after_move:filepath https://www.youtube.com/watch?v=bhuGrjuCM_g&t=135s
[download-exit] 0
[download-output]
WARNING: [youtube] No supported JavaScript runtime could be found. Only deno is enabled by default; to use another runtime add  --js-runtimes RUNTIME[:PATH]  to your command/config. YouTube extraction without a JS runtime has been deprecated, and some formats may be missing. See  https://github.com/yt-dlp/yt-dlp/wiki/EJS  for details on installing one
[site-progress] NA/NA
[site-progress] NA/NA
[site-progress] NA/NA
[site-progress] NA/NA
[site-progress] NA/NA
[site-progress] NA/NA
[site-progress] NA/NA
[site-progress] NA/NA
[site-progress] NA/NA
[site-progress] NA/NA
[site-progress] NA/NA
[site-progress] NA/NA
[site-progress] NA/NA
[site-progress] NA/NA
[site-progress] NA/NA
[site-progress] NA/NA
[site-progress] NA/NA
[site-progress] NA/NA
[site-progress] NA/NA
[site-progress] NA/NA
[site-progress] NA/NA
[site-progress] NA/NA
[site-progress] NA/NA
[site-progress] NA/NA
[site-progress] NA/NA
[site-progress] NA/NA
[site-progress] NA/NA
[site-progress] NA/NA
[site-progress] NA/NA
[site-progress] NA/NA
[site-progress] NA/NA
[site-progress] NA/NA
[site-progress] NA/NA
[site-progress] NA/NA
[site-progress] NA/NA
[site-progress] NA/NA
[site-progress] NA/NA
[site-progress] NA/NA
[site-progress] NA/NA
[site-progress] NA/NA
[site-progress] NA/NA
[site-progress] NA/NA
[site-progress] NA/NA
[site-progress] NA/NA
[site-progress] NA/NA
[site-progress] NA/NA
[site-progress] NA/NA
[site-progress] NA/NA
[site-progress] NA/NA
[site-progress] NA/NA
[site-progress] NA/NA
[site-progress] NA/NA
[site-progress] NA/NA
[site-progress] NA/NA
[site-progress] NA/NA
[site-progress] NA/NA
[site-progress] NA/NA
[site-progress] NA/NA
[site-progress] NA/NA
[site-progress] NA/NA
[site-progress] NA/NA
[site-progress] NA/NA
[site-progress] NA/NA
[site-progress] NA/NA
[site-progress] NA/NA
[site-progress] NA/NA
[site-progress] NA/NA
[site-progress] NA/NA
[site-progress] NA/NA
[site-progress] NA/NA
[site-progress] NA/NA
[site-progress] NA/NA
[site-progress] NA/NA
[site-progress] NA/NA
[site-progress] NA/NA
[site-progress] NA/NA
[site-progress] NA/NA
[site-progress] NA/NA
[site-progress] NA/NA
[site-progress] NA/NA
[site-progress] NA/NA
[site-progress] NA/NA
[site-progress] NA/NA
[site-progress] NA/NA
[site-progress] NA/NA
[site-progress] NA/NA
[site-progress] NA/NA
[site-progress] NA/NA
[site-progress] NA/NA
[site-progress] NA/NA
[site-progress] NA/NA
[site-progress] NA/NA
[site-progress] NA/NA
[site-progress] NA/NA
[site-progress] NA/NA
[site-progress] NA/NA
[site-progress] NA/NA
[site-progress] NA/NA
[site-progress] NA/NA
[site-progress] NA/NA
[site-progress] NA/NA
[site-progress] NA/NA
[site-progress] NA/NA
[site-progress] NA/NA
[site-progress] NA/NA
[site-progress] NA/NA
[site-progress] NA/NA
[site-progress] NA/NA
[site-progress] NA/NA
[site-progress] NA/NA
[site-progress] NA/NA
[site-progress] NA/NA
[site-progress] NA/NA
[site-progress] NA/NA
[site-progress] NA/NA
[site-progress] NA/NA
[site-progress] NA/NA
[site-progress] NA/NA
[site-progress] NA/NA
[site-progress] NA/NA
[site-progress] NA/NA
[site-progress] NA/NA
[site-progress] NA/NA
[site-progress] NA/NA
[site-progress] NA/NA
[site-progress] NA/NA
[site-progress] NA/NA
[site-progress] NA/NA
[site-progress] NA/NA
[site-progress] NA/NA
[site-progress] NA/NA
[site-progress] NA/NA
[site-progress] NA/NA
[site-progress] NA/NA
[site-progress] NA/NA
[site-progress] NA/NA
[site-progress] NA/NA
[site-progress] NA/NA
[site-progress] NA/NA
[site-progress] NA/NA
[site-progress] NA/NA
[site-progress] NA/NA
[site-progress] NA/NA
[site-progress] NA/NA
[site-progress] NA/NA
[site-progress] NA/NA
[site-progress] NA/NA
[site-progress] NA/NA
[site-progress] NA/NA
[site-progress] NA/NA
[site-progress] NA/NA
[site-progress] NA/NA
[site-progress] NA/NA
[site-progress] NA/NA
[site-progress] NA/NA
[site-progress] NA/NA
[site-progress] NA/NA
[site-progress] NA/NA
[site-progress] NA/NA
[site-progress] NA/NA
[site-progress] NA/NA
[site-progress] NA/NA
[site-progress] NA/NA
[site-progress] NA/NA
[site-progress] NA/NA
[site-progress] NA/NA
[site-progress] NA/NA
[site-progress] NA/NA
[site-progress] NA/NA
[site-progress] NA/NA
[site-progress] NA/NA
[site-progress] NA/NA
[site-progress] NA/NA
[site-progress] NA/NA
[site-progress] NA/NA
[site-progress] NA/NA
[site-progress] NA/NA
[site-progress] NA/NA
[site-progress] NA/NA
[site-progress] NA/NA
[site-progress] NA/NA
[site-progress] NA/NA
[site-progress] NA/NA
[site-progress] NA/NA
[site-progress] NA/NA
[site-progress] NA/NA
[site-progress] NA/NA
[site-progress] NA/NA
[site-progress] NA/NA
[site-progress] NA/NA
[site-progress] NA/NA
[site-progress] NA/NA
[site-progress] NA/NA
[site-progress] NA/NA
[site-progress] NA/NA
[site-progress] NA/NA
[site-progress] NA/NA
[site-progress] NA/NA
[site-progress] NA/NA
[site-progress] NA/NA
[site-progress] NA/NA
[site-progress] NA/NA
[site-progress] NA/NA
[site-progress] NA/NA
[site-progress] NA/NA
[site-progress] NA/NA
[site-progress] NA/NA
[site-progress] NA/NA
[site-progress] NA/NA
[site-progress] NA/NA
[site-progress] NA/NA
[site-progress] NA/NA
[site-progress] NA/NA
[site-progress] NA/NA
[site-progress] NA/NA
[site-progress] NA/NA
[site-progress] NA/NA
[site-progress] NA/NA
[site-progress] NA/NA
[site-progress] NA/NA
[site-progress] NA/NA
[site-progress] NA/NA
[site-progress] NA/NA
[site-progress] NA/NA
[site-progress] NA/NA
[site-progress] NA/NA
[site-progress] NA/NA
[site-progress] NA/NA
[site-progress] NA/NA
[site-progress] NA/NA
[site-progress] NA/NA
[site-progress] NA/NA
[site-progress] NA/NA
[site-progress] NA/NA
[site-progress] NA/NA
[site-progress] NA/NA
[site-progress] NA/NA
[site-progress] NA/NA
[site-progress] NA/NA
[site-progress] NA/NA
[site-progress] NA/NA
[site-progress] NA/NA
[site-progress] NA/NA
[site-progress] NA/NA
[site-progress] NA/NA
[site-progress] NA/NA
[site-progress] NA/NA
[site-progress] NA/NA
[site-progress] NA/NA
[site-progress] NA/NA
[site-progress] NA/NA
[site-progress] NA/NA
[site-progress] NA/NA
/Users/yr001/Downloads/🚀让OpenClaw实现真正自我进化！让龙虾越用越聪明！memory-lancedb-pro记忆插件大升级！智能提取功能实测，告别垃圾记忆！小白也能一键全自动安装配置！让AI真正记住你，龙虾保姆级教程.mp4
