[url] https://cn.pornhub.com/view_video.php?viewkey=6970c8e40fa28
[browser] chrome:Default
[page-title] 肿胀的粉红色花朵想立即暨！
[html-candidates] 68
[runtime-capture] 复用Chrome会话失败: BrowserType.launch_persistent_context: Failed to create a ProcessSingleton for your profile directory. This usually means that the profile is already in use by another instance of Chromium.
Call log:
  - <launching> /Applications/Google Chrome.app/Contents/MacOS/Google Chrome --disable-field-trial-config --disable-background-networking --disable-background-timer-throttling --disable-backgrounding-occluded-windows --disable-back-forward-cache --disable-breakpad --disable-client-side-phishing-detection --disable-component-extensions-with-background-pages --disable-component-update --no-default-browser-check --disable-default-apps --disable-dev-shm-usage --disable-extensions --disable-features=AvoidUnnecessaryBeforeUnloadCheckSync,BoundaryEventDispatchTracksNodeRemoval,DestroyProfileOnBrowserClose,DialMediaRouteProvider,GlobalMediaControls,HttpsUpgrades,LensOverlay,MediaRouter,PaintHolding,ThirdPartyStoragePartitioning,Translate,AutoDeElevate,RenderDocument,OptimizationHints --enable-features=CDPScreenshotNewSurface --allow-pre-commit-input --disable-hang-monitor --disable-ipc-flooding-protection --disable-popup-blocking --disable-prompt-on-repost --disable-renderer-backgrounding --force-color-profile=srgb --metrics-recording-only --no-first-run --password-store=basic --use-mock-keychain --no-service-autorun --export-tagged-pdf --disable-search-engine-choice-screen --unsafely-disable-devtools-self-xss-warnings --edge-skip-compat-layer-relaunch --enable-automation --disable-infobars --disable-search-engine-choice-screen --disable-sync --enable-unsafe-swiftshader --no-sandbox --profile-directory=Default --user-data-dir=/Users/yr001/Library/Application Support/Google/Chrome --remote-debugging-pipe about:blank
  - <launched> pid=50832
  - [pid=50832][err] [50832:11402693:0301/002832.470032:ERROR:chrome/browser/process_singleton_posix.cc:345] Failed to create /Users/yr001/Library/Application Support/Google/Chrome/SingletonLock: File exists (17)
  - [pid=50832][err] [50832:11402693:0301/002832.481112:ERROR:chrome/app/chrome_main_delegate.cc:513] Failed to create a ProcessSingleton for your profile directory. This means that running multiple instances would start multiple browser processes rather than opening a new window in the existing process. Aborting now to avoid profile corruption.
  - [pid=50832] <gracefully close start>
  - [pid=50832] <kill>
  - [pid=50832] <will force kill>
  - [pid=50832] exception while trying to kill process: Error: kill EPERM
  - [pid=50832] <process did exit: exitCode=21, signal=null>
  - [pid=50832] starting temporary directories cleanup
  - [pid=50832] finished temporary directories cleanup
  - [pid=50832] <gracefully close end>

[runtime-capture] 使用临时上下文。
[runtime-capture] 年龄确认命中(selector): [id*='age']
[runtime-capture] 年龄确认命中(selector): 本网站使用Cookie来帮助改善您的用户体验。详细了解我们如何使用我们的Cookie 通知。
自定义 Cookie
Ok
这是个成人网站
Notice to U
[runtime-capture] 年龄确认命中(js): 我年满 18 岁 - 输入
[runtime-capture] 年龄确认命中(selector): 本网站使用Cookie来帮助改善您的用户体验。详细了解我们如何使用我们的Cookie 通知。
自定义 Cookie
Ok
SPICEVIDS
FANCENTRO
[runtime-capture] 年龄确认命中(js): 显示更多
[runtime-capture] 年龄确认命中(selector): 本网站使用Cookie来帮助改善您的用户体验。详细了解我们如何使用我们的Cookie 通知。
自定义 Cookie
Ok
SPICEVIDS
FANCENTRO
[runtime-capture] 年龄确认命中(js): 显示更多
[runtime-capture] 年龄确认命中(selector): 本网站使用Cookie来帮助改善您的用户体验。详细了解我们如何使用我们的Cookie 通知。
自定义 Cookie
Ok
SPICEVIDS
FANCENTRO
[runtime-capture] 年龄确认命中(js): 显示更多
[runtime-capture] 年龄确认命中(selector): 本网站使用Cookie来帮助改善您的用户体验。详细了解我们如何使用我们的Cookie 通知。
自定义 Cookie
Ok
SPICEVIDS
FANCENTRO
[runtime-capture] 年龄确认命中(js): 显示更多
[runtime-capture] 年龄确认命中(selector): 本网站使用Cookie来帮助改善您的用户体验。详细了解我们如何使用我们的Cookie 通知。
自定义 Cookie
Ok
SPICEVIDS
FANCENTRO
[runtime-capture] 年龄确认命中(js): 显示更多
[runtime-capture] 年龄确认命中(selector): 本网站使用Cookie来帮助改善您的用户体验。详细了解我们如何使用我们的Cookie 通知。
自定义 Cookie
Ok
SPICEVIDS
FANCENTRO
[runtime-capture] 年龄确认命中(js): 显示更多
[runtime-capture] 年龄确认命中(selector): 本网站使用Cookie来帮助改善您的用户体验。详细了解我们如何使用我们的Cookie 通知。
自定义 Cookie
Ok
SPICEVIDS
FANCENTRO
[runtime-capture] 年龄确认命中(js): 显示更多
[runtime-capture] 已自动处理年龄确认流程。
[runtime-capture] 年龄确认命中(selector): 本网站使用Cookie来帮助改善您的用户体验。详细了解我们如何使用我们的Cookie 通知。
自定义 Cookie
Ok
SPICEVIDS
FANCENTRO
[runtime-capture] 年龄确认命中(js): 显示更多
[runtime-capture] 年龄确认命中(selector): 本网站使用Cookie来帮助改善您的用户体验。详细了解我们如何使用我们的Cookie 通知。
自定义 Cookie
Ok
SPICEVIDS
FANCENTRO
[runtime-capture] 年龄确认命中(js): 00:0007:30 720phd next 我的性感继母熟女用力抚摸阴部并射精 speed normal speed 0.5 normal 1.5 2.0 q
[runtime-capture] 年龄确认命中(selector): 本网站使用Cookie来帮助改善您的用户体验。详细了解我们如何使用我们的Cookie 通知。
自定义 Cookie
Ok
SPICEVIDS
FANCENTRO
[runtime-capture] 年龄确认命中(js): 00:0007:30 720phd next 我的性感继母熟女用力抚摸阴部并射精 speed normal speed 0.5 normal 1.5 2.0 q
[runtime-capture] 年龄确认命中(selector): 本网站使用Cookie来帮助改善您的用户体验。详细了解我们如何使用我们的Cookie 通知。
自定义 Cookie
Ok
SPICEVIDS
FANCENTRO
[runtime-capture] 年龄确认命中(js): 00:0007:30 720phd next 我的性感继母熟女用力抚摸阴部并射精 speed normal speed 0.5 normal 1.5 2.0 q
[runtime-capture] 年龄确认命中(selector): 本网站使用Cookie来帮助改善您的用户体验。详细了解我们如何使用我们的Cookie 通知。
自定义 Cookie
Ok
SPICEVIDS
FANCENTRO
[runtime-capture] 年龄确认命中(js): 00:0007:30 720phd next 我的性感继母熟女用力抚摸阴部并射精 speed normal speed 0.5 normal 1.5 2.0 q
[runtime-capture] 年龄确认命中(selector): 本网站使用Cookie来帮助改善您的用户体验。详细了解我们如何使用我们的Cookie 通知。
自定义 Cookie
Ok
SPICEVIDS
FANCENTRO
[runtime-capture] 年龄确认命中(js): 00:0107:30 720phd next 我的性感继母熟女用力抚摸阴部并射精 speed normal speed 0.5 normal 1.5 2.0 q
[runtime-capture] 年龄确认命中(selector): 本网站使用Cookie来帮助改善您的用户体验。详细了解我们如何使用我们的Cookie 通知。
自定义 Cookie
Ok
SPICEVIDS
FANCENTRO
[runtime-capture] 年龄确认命中(js): 00:0107:30 720phd next 我的性感继母熟女用力抚摸阴部并射精 speed normal speed 0.5 normal 1.5 2.0 q
[runtime-capture] 年龄确认命中(selector): 本网站使用Cookie来帮助改善您的用户体验。详细了解我们如何使用我们的Cookie 通知。
自定义 Cookie
Ok
SPICEVIDS
FANCENTRO
[runtime-capture] 年龄确认命中(js): 00:0107:30 720phd next 我的性感继母熟女用力抚摸阴部并射精 speed normal speed 0.5 normal 1.5 2.0 q
[runtime-capture] 已自动处理年龄确认流程。
[runtime-capture] 已打开页面，等待 30s 捕获播放请求...
[runtime-candidates] 35
[all-candidates] 100
[probe-candidate] https://ev-h.phncdn.com/hls/c6251/videos/202601/21/36823155/1080P_4000K_36823155.mp4/master.m3u8?validfrom=1772292499&validto=1772299699&ipa=1&hdl=-1&hash=SITB4fDolo5mAzrYa2NXJvGQOyw%3D
[probe-candidate-exit] 0
[generic] Extracting URL: https://ev-h.phncdn.com/hls/c6251/videos/202601/21/36823155/1080P_4000K_36823155.mp4/master.m3u8?...5mAzrYa2NXJvGQOyw%3D
[generic] master: Downloading webpage
[generic] master: Downloading m3u8 information
[generic] master: Checking m3u8 live status
[info] Available formats for master:
ID   EXT RESOLUTION FPS |   FILESIZE   TBR PROTO | VCODEC      ACODEC
------------------------------------------------------------------------
3849 mp4 1920x1080   30 | ~206.51MiB 3850k m3u8  | avc1.640028 mp4a.40.2


[probe-candidate] https://ev-h.phncdn.com/hls/c6251/videos/202601/21/36823155/720P_4000K_36823155.mp4/master.m3u8?validfrom=1772292499&validto=1772299699&ipa=1&hdl=-1&hash=D5EgluzdVK451KoTzqO7lpAQ5OI%3D
[probe-candidate-exit] 0
[generic] Extracting URL: https://ev-h.phncdn.com/hls/c6251/videos/202601/21/36823155/720P_4000K_36823155.mp4/master.m3u8?v...451KoTzqO7lpAQ5OI%3D
[generic] master: Downloading webpage
[generic] master: Downloading m3u8 information
[generic] master: Checking m3u8 live status
[info] Available formats for master:
ID   EXT RESOLUTION FPS |  FILESIZE   TBR PROTO | VCODEC      ACODEC
-----------------------------------------------------------------------
1834 mp4 1280x720    30 | ~98.41MiB 1835k m3u8  | avc1.64001f mp4a.40.2


[probe-candidate] https://ev-h.phncdn.com/hls/c6251/videos/202601/21/36823155/720P_4000K_36823155.mp4/master.m3u8?validfrom=1772292515&validto=1772299715&ipa=1&hdl=-1&hash=Pv%2B3HVRnKrr695Z2%2FMM2lJNuSqk%3D
[probe-candidate-exit] 0
[generic] Extracting URL: https://ev-h.phncdn.com/hls/c6251/videos/202601/21/36823155/720P_4000K_36823155.mp4/master.m3u8?v...95Z2%2FMM2lJNuSqk%3D
[generic] master: Downloading webpage
[generic] master: Downloading m3u8 information
[generic] master: Checking m3u8 live status
[info] Available formats for master:
ID   EXT RESOLUTION FPS |  FILESIZE   TBR PROTO | VCODEC      ACODEC
-----------------------------------------------------------------------
1834 mp4 1280x720    30 | ~98.41MiB 1835k m3u8  | avc1.64001f mp4a.40.2


[probe-candidate] https://ev-h.phncdn.com/hls/c6251/videos/202601/21/36823155/720P_4000K_36823155.mp4/index-v1-a1.m3u8?validfrom=1772292515&validto=1772299715&ipa=1&hdl=-1&hash=Pv%2B3HVRnKrr695Z2%2FMM2lJNuSqk%3D
[probe-candidate-exit] 0
[generic] Extracting URL: https://ev-h.phncdn.com/hls/c6251/videos/202601/21/36823155/720P_4000K_36823155.mp4/index-v1-a1.m...95Z2%2FMM2lJNuSqk%3D
[generic] index-v1-a1: Downloading webpage
[generic] index-v1-a1: Downloading m3u8 information
[generic] index-v1-a1: Checking m3u8 live status
[info] Available formats for index-v1-a1:
ID EXT RESOLUTION | PROTO | VCODEC  ACODEC
-------------------------------------------
0  mp4 unknown    | m3u8  | unknown unknown


[probe-candidate] https://ev-h.phncdn.com/hls/c6251/videos/202601/21/36823155/720P_4000K_36823155.mp4/master.m3u8?validfrom=1772292524&validto=1772299724&ipa=1&hdl=-1&hash=udGlX2DlMy9wv4SpCleueXeV%2B0c%3D
[probe-candidate-exit] 0
[generic] Extracting URL: https://ev-h.phncdn.com/hls/c6251/videos/202601/21/36823155/720P_4000K_36823155.mp4/master.m3u8?v...v4SpCleueXeV%2B0c%3D
[generic] master: Downloading webpage
[generic] master: Downloading m3u8 information
[generic] master: Checking m3u8 live status
[info] Available formats for master:
ID   EXT RESOLUTION FPS |  FILESIZE   TBR PROTO | VCODEC      ACODEC
-----------------------------------------------------------------------
1834 mp4 1280x720    30 | ~98.41MiB 1835k m3u8  | avc1.64001f mp4a.40.2


[probe-candidate] https://ev-h.phncdn.com/hls/c6251/videos/202601/21/36823155/720P_4000K_36823155.mp4/index-v1-a1.m3u8?validfrom=1772292524&validto=1772299724&ipa=1&hdl=-1&hash=udGlX2DlMy9wv4SpCleueXeV%2B0c%3D
[probe-candidate-exit] 0
[generic] Extracting URL: https://ev-h.phncdn.com/hls/c6251/videos/202601/21/36823155/720P_4000K_36823155.mp4/index-v1-a1.m...v4SpCleueXeV%2B0c%3D
[generic] index-v1-a1: Downloading webpage
[generic] index-v1-a1: Downloading m3u8 information
[generic] index-v1-a1: Checking m3u8 live status
[info] Available formats for index-v1-a1:
ID EXT RESOLUTION | PROTO | VCODEC  ACODEC
-------------------------------------------
0  mp4 unknown    | m3u8  | unknown unknown


[probe-candidate] https://ev-h.phncdn.com/hls/c6251/videos/202601/21/36823155/720P_4000K_36823155.mp4/seg-1-v1-a1.ts?validfrom=1772292515&validto=1772299715&ipa=1&hdl=-1&hash=Pv%2B3HVRnKrr695Z2%2FMM2lJNuSqk%3D
[probe-candidate-exit] 0
[generic] Extracting URL: https://ev-h.phncdn.com/hls/c6251/videos/202601/21/36823155/720P_4000K_36823155.mp4/seg-1-v1-a1.t...95Z2%2FMM2lJNuSqk%3D
[generic] seg-1-v1-a1: Downloading webpage
[info] Available formats for seg-1-v1-a1:
ID   EXT RESOLUTION | PROTO | VCODEC  ACODEC
---------------------------------------------
mp2t ts  unknown    | https | unknown unknown


[probe-candidate] https://ev-h.phncdn.com/hls/c6251/videos/202601/21/36823155/720P_4000K_36823155.mp4/seg-2-v1-a1.ts?validfrom=1772292515&validto=1772299715&ipa=1&hdl=-1&hash=Pv%2B3HVRnKrr695Z2%2FMM2lJNuSqk%3D
[probe-candidate-exit] 0
[generic] Extracting URL: https://ev-h.phncdn.com/hls/c6251/videos/202601/21/36823155/720P_4000K_36823155.mp4/seg-2-v1-a1.t...95Z2%2FMM2lJNuSqk%3D
[generic] seg-2-v1-a1: Downloading webpage
[info] Available formats for seg-2-v1-a1:
ID   EXT RESOLUTION | PROTO | VCODEC  ACODEC
---------------------------------------------
mp2t ts  unknown    | https | unknown unknown


[probe-candidate] https://ev-h.phncdn.com/hls/c6251/videos/202601/21/36823155/720P_4000K_36823155.mp4/seg-1-v1-a1.ts?validfrom=1772292524&validto=1772299724&ipa=1&hdl=-1&hash=udGlX2DlMy9wv4SpCleueXeV%2B0c%3D
[probe-candidate-exit] 0
[generic] Extracting URL: https://ev-h.phncdn.com/hls/c6251/videos/202601/21/36823155/720P_4000K_36823155.mp4/seg-1-v1-a1.t...v4SpCleueXeV%2B0c%3D
[generic] seg-1-v1-a1: Downloading webpage
[info] Available formats for seg-1-v1-a1:
ID   EXT RESOLUTION | PROTO | VCODEC  ACODEC
---------------------------------------------
mp2t ts  unknown    | https | unknown unknown


[probe-candidate] https://ev-h.phncdn.com/hls/c6251/videos/202601/21/36823155/720P_4000K_36823155.mp4/seg-2-v1-a1.ts?validfrom=1772292524&validto=1772299724&ipa=1&hdl=-1&hash=udGlX2DlMy9wv4SpCleueXeV%2B0c%3D
[probe-candidate-exit] 0
[generic] Extracting URL: https://ev-h.phncdn.com/hls/c6251/videos/202601/21/36823155/720P_4000K_36823155.mp4/seg-2-v1-a1.t...v4SpCleueXeV%2B0c%3D
[generic] seg-2-v1-a1: Downloading webpage
[info] Available formats for seg-2-v1-a1:
ID   EXT RESOLUTION | PROTO | VCODEC  ACODEC
---------------------------------------------
mp2t ts  unknown    | https | unknown unknown


[probe-candidate] https://ev-h.phncdn.com/hls/c6251/videos/202601/21/36823155/720P_4000K_36823155.mp4/seg-3-v1-a1.ts?validfrom=1772292524&validto=1772299724&ipa=1&hdl=-1&hash=udGlX2DlMy9wv4SpCleueXeV%2B0c%3D
[probe-candidate-exit] 0
[generic] Extracting URL: https://ev-h.phncdn.com/hls/c6251/videos/202601/21/36823155/720P_4000K_36823155.mp4/seg-3-v1-a1.t...v4SpCleueXeV%2B0c%3D
[generic] seg-3-v1-a1: Downloading webpage
[info] Available formats for seg-3-v1-a1:
ID   EXT RESOLUTION | PROTO | VCODEC  ACODEC
---------------------------------------------
mp2t ts  unknown    | https | unknown unknown


[probe-candidate] https://ev-h.phncdn.com/hls/c6251/videos/202601/21/36823155/720P_4000K_36823155.mp4/seg-4-v1-a1.ts?validfrom=1772292524&validto=1772299724&ipa=1&hdl=-1&hash=udGlX2DlMy9wv4SpCleueXeV%2B0c%3D
[probe-candidate-exit] 0
[generic] Extracting URL: https://ev-h.phncdn.com/hls/c6251/videos/202601/21/36823155/720P_4000K_36823155.mp4/seg-4-v1-a1.t...v4SpCleueXeV%2B0c%3D
[generic] seg-4-v1-a1: Downloading webpage
[info] Available formats for seg-4-v1-a1:
ID   EXT RESOLUTION | PROTO | VCODEC  ACODEC
---------------------------------------------
mp2t ts  unknown    | https | unknown unknown


[probe-candidate] https://ev-h.phncdn.com/hls/c6251/videos/202601/21/36823155/720P_4000K_36823155.mp4/seg-5-v1-a1.ts?validfrom=1772292524&validto=1772299724&ipa=1&hdl=-1&hash=udGlX2DlMy9wv4SpCleueXeV%2B0c%3D
[probe-candidate-exit] 0
[generic] Extracting URL: https://ev-h.phncdn.com/hls/c6251/videos/202601/21/36823155/720P_4000K_36823155.mp4/seg-5-v1-a1.t...v4SpCleueXeV%2B0c%3D
[generic] seg-5-v1-a1: Downloading webpage
[info] Available formats for seg-5-v1-a1:
ID   EXT RESOLUTION | PROTO | VCODEC  ACODEC
---------------------------------------------
mp2t ts  unknown    | https | unknown unknown


[probe-candidate] https://ev-h.phncdn.com/hls/c6251/videos/202601/21/36823155/720P_4000K_36823155.mp4/seg-6-v1-a1.ts?validfrom=1772292524&validto=1772299724&ipa=1&hdl=-1&hash=udGlX2DlMy9wv4SpCleueXeV%2B0c%3D
[probe-candidate-exit] 0
[generic] Extracting URL: https://ev-h.phncdn.com/hls/c6251/videos/202601/21/36823155/720P_4000K_36823155.mp4/seg-6-v1-a1.t...v4SpCleueXeV%2B0c%3D
[generic] seg-6-v1-a1: Downloading webpage
[info] Available formats for seg-6-v1-a1:
ID   EXT RESOLUTION | PROTO | VCODEC  ACODEC
---------------------------------------------
mp2t ts  unknown    | https | unknown unknown


[probe-candidate] https://ev-h.phncdn.com/hls/c6251/videos/202601/21/36823155/720P_4000K_36823155.mp4/seg-7-v1-a1.ts?validfrom=1772292524&validto=1772299724&ipa=1&hdl=-1&hash=udGlX2DlMy9wv4SpCleueXeV%2B0c%3D
[probe-candidate-exit] 0
[generic] Extracting URL: https://ev-h.phncdn.com/hls/c6251/videos/202601/21/36823155/720P_4000K_36823155.mp4/seg-7-v1-a1.t...v4SpCleueXeV%2B0c%3D
[generic] seg-7-v1-a1: Downloading webpage
[info] Available formats for seg-7-v1-a1:
ID   EXT RESOLUTION | PROTO | VCODEC  ACODEC
---------------------------------------------
mp2t ts  unknown    | https | unknown unknown


[probe-candidate] https://ev-h.phncdn.com/hls/c6251/videos/202601/21/36823155/720P_4000K_36823155.mp4/seg-8-v1-a1.ts?validfrom=1772292524&validto=1772299724&ipa=1&hdl=-1&hash=udGlX2DlMy9wv4SpCleueXeV%2B0c%3D
[probe-candidate-exit] 0
[generic] Extracting URL: https://ev-h.phncdn.com/hls/c6251/videos/202601/21/36823155/720P_4000K_36823155.mp4/seg-8-v1-a1.t...v4SpCleueXeV%2B0c%3D
[generic] seg-8-v1-a1: Downloading webpage
[info] Available formats for seg-8-v1-a1:
ID   EXT RESOLUTION | PROTO | VCODEC  ACODEC
---------------------------------------------
mp2t ts  unknown    | https | unknown unknown


[probe-candidate] https://ev-h.phncdn.com/hls/c6251/videos/202601/21/36823155/720P_4000K_36823155.mp4/seg-9-v1-a1.ts?validfrom=1772292524&validto=1772299724&ipa=1&hdl=-1&hash=udGlX2DlMy9wv4SpCleueXeV%2B0c%3D
[probe-candidate-exit] 0
[generic] Extracting URL: https://ev-h.phncdn.com/hls/c6251/videos/202601/21/36823155/720P_4000K_36823155.mp4/seg-9-v1-a1.t...v4SpCleueXeV%2B0c%3D
[generic] seg-9-v1-a1: Downloading webpage
[info] Available formats for seg-9-v1-a1:
ID   EXT RESOLUTION | PROTO | VCODEC  ACODEC
---------------------------------------------
mp2t ts  unknown    | https | unknown unknown


[probe-candidate] https://ev-h.phncdn.com/hls/c6251/videos/202601/21/36823155/720P_4000K_36823155.mp4/seg-10-v1-a1.ts?validfrom=1772292524&validto=1772299724&ipa=1&hdl=-1&hash=udGlX2DlMy9wv4SpCleueXeV%2B0c%3D
[probe-candidate-exit] 0
[generic] Extracting URL: https://ev-h.phncdn.com/hls/c6251/videos/202601/21/36823155/720P_4000K_36823155.mp4/seg-10-v1-a1....v4SpCleueXeV%2B0c%3D
[generic] seg-10-v1-a1: Downloading webpage
[info] Available formats for seg-10-v1-a1:
ID   EXT RESOLUTION | PROTO | VCODEC  ACODEC
---------------------------------------------
mp2t ts  unknown    | https | unknown unknown


[probe-candidate] https://ev-h.phncdn.com/hls/c6251/videos/202601/21/36823155/720P_4000K_36823155.mp4/seg-11-v1-a1.ts?validfrom=1772292524&validto=1772299724&ipa=1&hdl=-1&hash=udGlX2DlMy9wv4SpCleueXeV%2B0c%3D
[probe-candidate-exit] 0
[generic] Extracting URL: https://ev-h.phncdn.com/hls/c6251/videos/202601/21/36823155/720P_4000K_36823155.mp4/seg-11-v1-a1....v4SpCleueXeV%2B0c%3D
[generic] seg-11-v1-a1: Downloading webpage
[info] Available formats for seg-11-v1-a1:
ID   EXT RESOLUTION | PROTO | VCODEC  ACODEC
---------------------------------------------
mp2t ts  unknown    | https | unknown unknown


[probe-candidate] https://ev-h.phncdn.com/hls/c6251/videos/202601/21/36823155/720P_4000K_36823155.mp4/seg-12-v1-a1.ts?validfrom=1772292524&validto=1772299724&ipa=1&hdl=-1&hash=udGlX2DlMy9wv4SpCleueXeV%2B0c%3D
[probe-candidate-exit] 0
[generic] Extracting URL: https://ev-h.phncdn.com/hls/c6251/videos/202601/21/36823155/720P_4000K_36823155.mp4/seg-12-v1-a1....v4SpCleueXeV%2B0c%3D
[generic] seg-12-v1-a1: Downloading webpage
[info] Available formats for seg-12-v1-a1:
ID   EXT RESOLUTION | PROTO | VCODEC  ACODEC
---------------------------------------------
mp2t ts  unknown    | https | unknown unknown


[selected-url] https://ev-h.phncdn.com/hls/c6251/videos/202601/21/36823155/1080P_4000K_36823155.mp4/master.m3u8?validfrom=1772292499&validto=1772299699&ipa=1&hdl=-1&hash=SITB4fDolo5mAzrYa2NXJvGQOyw%3D
[download-cmd] /Users/yr001/Documents/New project/PSiteDL/.venv/bin/yt-dlp --no-playlist --newline --progress --progress-template download:[site-progress] %(progress.fragment_index)s/%(progress.fragment_count)s --add-header Referer:https://cn.pornhub.com/view_video.php?viewkey=6970c8e40fa28 --add-header User-Agent:Mozilla/5.0 (Macintosh; Intel Mac OS X 10_15_7) AppleWebKit/537.36 (KHTML, like Gecko) Chrome/124.0.0.0 Safari/537.36 --format bv*+ba/b --merge-output-format mp4 --output /Users/yr001/Downloads/肿胀的粉红色花朵想立即暨！.%(ext)s --print after_move:filepath https://ev-h.phncdn.com/hls/c6251/videos/202601/21/36823155/1080P_4000K_36823155.mp4/master.m3u8?validfrom=1772292499&validto=1772299699&ipa=1&hdl=-1&hash=SITB4fDolo5mAzrYa2NXJvGQOyw%3D
[download-exit] 0
[download-output]
WARNING: Live HLS streams are not supported by the native downloader. If this is a livestream, please add "--downloader ffmpeg --hls-use-mpegts" to your command
[site-progress] 0/112
[site-progress] 0/112
[site-progress] 0/112
[site-progress] 0/112
[site-progress] 0/112
[site-progress] 0/112
[site-progress] 0/112
[site-progress] 0/112
[site-progress] 1/112
[site-progress] 1/112
[site-progress] 1/112
[site-progress] 1/112
[site-progress] 1/112
[site-progress] 1/112
[site-progress] 1/112
[site-progress] 1/112
[site-progress] 1/112
[site-progress] 1/112
[site-progress] 1/112
[site-progress] 1/112
[site-progress] 1/112
[site-progress] 2/112
[site-progress] 2/112
[site-progress] 2/112
[site-progress] 2/112
[site-progress] 2/112
[site-progress] 2/112
[site-progress] 2/112
[site-progress] 2/112
[site-progress] 2/112
[site-progress] 2/112
[site-progress] 2/112
[site-progress] 2/112
[site-progress] 3/112
[site-progress] 3/112
[site-progress] 3/112
[site-progress] 3/112
[site-progress] 3/112
[site-progress] 3/112
[site-progress] 3/112
[site-progress] 3/112
[site-progress] 3/112
[site-progress] 3/112
[site-progress] 3/112
[site-progress] 3/112
[site-progress] 4/112
[site-progress] 4/112
[site-progress] 4/112
[site-progress] 4/112
[site-progress] 4/112
[site-progress] 4/112
[site-progress] 4/112
[site-progress] 4/112
[site-progress] 4/112
[site-progress] 4/112
[site-progress] 4/112
[site-progress] 4/112
[site-progress] 4/112
[site-progress] 5/112
[site-progress] 5/112
[site-progress] 5/112
[site-progress] 5/112
[site-progress] 5/112
[site-progress] 5/112
[site-progress] 5/112
[site-progress] 5/112
[site-progress] 5/112
[site-progress] 5/112
[site-progress] 5/112
[site-progress] 5/112
[site-progress] 6/112
[site-progress] 6/112
[site-progress] 6/112
[site-progress] 6/112
[site-progress] 6/112
[site-progress] 6/112
[site-progress] 6/112
[site-progress] 6/112
[site-progress] 6/112
[site-progress] 6/112
[site-progress] 6/112
[site-progress] 6/112
[site-progress] 7/112
[site-progress] 7/112
[site-progress] 7/112
[site-progress] 7/112
[site-progress] 7/112
[site-progress] 7/112
[site-progress] 7/112
[site-progress] 7/112
[site-progress] 7/112
[site-progress] 7/112
[site-progress] 7/112
[site-progress] 7/112
[site-progress] 7/112
[site-progress] 8/112
[site-progress] 8/112
[site-progress] 8/112
[site-progress] 8/112
[site-progress] 8/112
[site-progress] 8/112
[site-progress] 8/112
[site-progress] 8/112
[site-progress] 8/112
[site-progress] 8/112
[site-progress] 8/112
[site-progress] 8/112
[site-progress] 9/112
[site-progress] 9/112
[site-progress] 9/112
[site-progress] 9/112
[site-progress] 9/112
[site-progress] 9/112
[site-progress] 9/112
[site-progress] 9/112
[site-progress] 9/112
[site-progress] 9/112
[site-progress] 9/112
[site-progress] 9/112
[site-progress] 10/112
[site-progress] 10/112
[site-progress] 10/112
[site-progress] 10/112
[site-progress] 10/112
[site-progress] 10/112
[site-progress] 10/112
[site-progress] 10/112
[site-progress] 10/112
[site-progress] 10/112
[site-progress] 10/112
[site-progress] 10/112
[site-progress] 10/112
[site-progress] 11/112
[site-progress] 11/112
[site-progress] 11/112
[site-progress] 11/112
[site-progress] 11/112
[site-progress] 11/112
[site-progress] 11/112
[site-progress] 11/112
[site-progress] 11/112
[site-progress] 11/112
[site-progress] 11/112
[site-progress] 11/112
[site-progress] 12/112
[site-progress] 12/112
[site-progress] 12/112
[site-progress] 12/112
[site-progress] 12/112
[site-progress] 12/112
[site-progress] 12/112
[site-progress] 12/112
[site-progress] 12/112
[site-progress] 12/112
[site-progress] 12/112
[site-progress] 12/112
[site-progress] 13/112
[site-progress] 13/112
[site-progress] 13/112
[site-progress] 13/112
[site-progress] 13/112
[site-progress] 13/112
[site-progress] 13/112
[site-progress] 13/112
[site-progress] 13/112
[site-progress] 13/112
[site-progress] 13/112
[site-progress] 13/112
[site-progress] 13/112
[site-progress] 13/112
[site-progress] 13/112
[site-progress] 14/112
[site-progress] 14/112
[site-progress] 14/112
[site-progress] 14/112
[site-progress] 14/112
[site-progress] 14/112
[site-progress] 14/112
[site-progress] 14/112
[site-progress] 14/112
[site-progress] 14/112
[site-progress] 14/112
[site-progress] 14/112
[site-progress] 14/112
[site-progress] 15/112
[site-progress] 15/112
[site-progress] 15/112
[site-progress] 15/112
[site-progress] 15/112
[site-progress] 15/112
[site-progress] 15/112
[site-progress] 15/112
[site-progress] 15/112
[site-progress] 15/112
[site-progress] 15/112
[site-progress] 15/112
[site-progress] 15/112
[site-progress] 16/112
[site-progress] 16/112
[site-progress] 16/112
[site-progress] 16/112
[site-progress] 16/112
[site-progress] 16/112
[site-progress] 16/112
[site-progress] 16/112
[site-progress] 16/112
[site-progress] 16/112
[site-progress] 16/112
[site-progress] 16/112
[site-progress] 16/112
[site-progress] 16/112
[site-progress] 16/112
[site-progress] 16/112
[site-progress] 16/112
[site-progress] 16/112
[site-progress] 16/112
[site-progress] 16/112
[site-progress] 17/112
[site-progress] 17/112
[site-progress] 17/112
[site-progress] 17/112
[site-progress] 17/112
[site-progress] 17/112
[site-progress] 17/112
[site-progress] 17/112
[site-progress] 17/112
[site-progress] 17/112
[site-progress] 17/112
[site-progress] 17/112
[site-progress] 17/112
[site-progress] 18/112
[site-progress] 18/112
[site-progress] 18/112
[site-progress] 18/112
[site-progress] 18/112
[site-progress] 18/112
[site-progress] 18/112
[site-progress] 18/112
[site-progress] 18/112
[site-progress] 18/112
[site-progress] 18/112
[site-progress] 18/112
[site-progress] 18/112
[site-progress] 19/112
[site-progress] 19/112
[site-progress] 19/112
[site-progress] 19/112
[site-progress] 19/112
[site-progress] 19/112
[site-progress] 19/112
[site-progress] 19/112
[site-progress] 19/112
[site-progress] 19/112
[site-progress] 19/112
[site-progress] 19/112
[site-progress] 19/112
[site-progress] 19/112
[site-progress] 20/112
[site-progress] 20/112
[site-progress] 20/112
[site-progress] 20/112
[site-progress] 20/112
[site-progress] 20/112
[site-progress] 20/112
[site-progress] 20/112
[site-progress] 20/112
[site-progress] 20/112
[site-progress] 20/112
[site-progress] 20/112
[site-progress] 20/112
[site-progress] 21/112
[site-progress] 21/112
[site-progress] 21/112
[site-progress] 21/112
[site-progress] 21/112
[site-progress] 21/112
[site-progress] 21/112
[site-progress] 21/112
[site-progress] 21/112
[site-progress] 21/112
[site-progress] 21/112
[site-progress] 21/112
[site-progress] 22/112
[site-progress] 22/112
[site-progress] 22/112
[site-progress] 22/112
[site-progress] 22/112
[site-progress] 22/112
[site-progress] 22/112
[site-progress] 22/112
[site-progress] 22/112
[site-progress] 22/112
[site-progress] 22/112
[site-progress] 22/112
[site-progress] 23/112
[site-progress] 23/112
[site-progress] 23/112
[site-progress] 23/112
[site-progress] 23/112
[site-progress] 23/112
[site-progress] 23/112
[site-progress] 23/112
[site-progress] 23/112
[site-progress] 23/112
[site-progress] 23/112
[site-progress] 23/112
[site-progress] 23/112
[site-progress] 23/112
[site-progress] 23/112
[site-progress] 23/112
[site-progress] 23/112
[site-progress] 24/112
[site-progress] 24/112
[site-progress] 24/112
[site-progress] 24/112
[site-progress] 24/112
[site-progress] 24/112
[site-progress] 24/112
[site-progress] 24/112
[site-progress] 24/112
[site-progress] 24/112
[site-progress] 24/112
[site-progress] 24/112
[site-progress] 25/112
[site-progress] 25/112
[site-progress] 25/112
[site-progress] 25/112
[site-progress] 25/112
[site-progress] 25/112
[site-progress] 25/112
[site-progress] 25/112
[site-progress] 25/112
[site-progress] 25/112
[site-progress] 25/112
[site-progress] 25/112
[site-progress] 25/112
[site-progress] 26/112
[site-progress] 26/112
[site-progress] 26/112
[site-progress] 26/112
[site-progress] 26/112
[site-progress] 26/112
[site-progress] 26/112
[site-progress] 26/112
[site-progress] 26/112
[site-progress] 26/112
[site-progress] 26/112
[site-progress] 26/112
[site-progress] 26/112
[site-progress] 26/112
[site-progress] 26/112
[site-progress] 27/112
[site-progress] 27/112
[site-progress] 27/112
[site-progress] 27/112
[site-progress] 27/112
[site-progress] 27/112
[site-progress] 27/112
[site-progress] 27/112
[site-progress] 27/112
[site-progress] 27/112
[site-progress] 27/112
[site-progress] 27/112
[site-progress] 27/112
[site-progress] 28/112
[site-progress] 28/112
[site-progress] 28/112
[site-progress] 28/112
[site-progress] 28/112
[site-progress] 28/112
[site-progress] 28/112
[site-progress] 28/112
[site-progress] 28/112
[site-progress] 28/112
[site-progress] 28/112
[site-progress] 28/112
[site-progress] 29/112
[site-progress] 29/112
[site-progress] 29/112
[site-progress] 29/112
[site-progress] 29/112
[site-progress] 29/112
[site-progress] 29/112
[site-progress] 29/112
[site-progress] 29/112
[site-progress] 29/112
[site-progress] 29/112
[site-progress] 29/112
[site-progress] 29/112
[site-progress] 29/112
[site-progress] 30/112
[site-progress] 30/112
[site-progress] 30/112
[site-progress] 30/112
[site-progress] 30/112
[site-progress] 30/112
[site-progress] 30/112
[site-progress] 30/112
[site-progress] 30/112
[site-progress] 30/112
[site-progress] 30/112
[site-progress] 30/112
[site-progress] 31/112
[site-progress] 31/112
[site-progress] 31/112
[site-progress] 31/112
[site-progress] 31/112
[site-progress] 31/112
[site-progress] 31/112
[site-progress] 31/112
[site-progress] 31/112
[site-progress] 31/112
[site-progress] 31/112
[site-progress] 31/112
[site-progress] 32/112
[site-progress] 32/112
[site-progress] 32/112
[site-progress] 32/112
[site-progress] 32/112
[site-progress] 32/112
[site-progress] 32/112
[site-progress] 32/112
[site-progress] 32/112
[site-progress] 32/112
[site-progress] 32/112
[site-progress] 32/112
[site-progress] 32/112
[site-progress] 33/112
[site-progress] 33/112
[site-progress] 33/112
[site-progress] 33/112
[site-progress] 33/112
[site-progress] 33/112
[site-progress] 33/112
[site-progress] 33/112
[site-progress] 33/112
[site-progress] 33/112
[site-progress] 33/112
[site-progress] 33/112
[site-progress] 33/112
[site-progress] 34/112
[site-progress] 34/112
[site-progress] 34/112
[site-progress] 34/112
[site-progress] 34/112
[site-progress] 34/112
[site-progress] 34/112
[site-progress] 34/112
[site-progress] 34/112
[site-progress] 34/112
[site-progress] 34/112
[site-progress] 34/112
[site-progress] 35/112
[site-progress] 35/112
[site-progress] 35/112
[site-progress] 35/112
[site-progress] 35/112
[site-progress] 35/112
[site-progress] 35/112
[site-progress] 35/112
[site-progress] 35/112
[site-progress] 35/112
[site-progress] 35/112
[site-progress] 35/112
[site-progress] 35/112
[site-progress] 36/112
[site-progress] 36/112
[site-progress] 36/112
[site-progress] 36/112
[site-progress] 36/112
[site-progress] 36/112
[site-progress] 36/112
[site-progress] 36/112
[site-progress] 36/112
[site-progress] 36/112
[site-progress] 36/112
[site-progress] 36/112
[site-progress] 37/112
[site-progress] 37/112
[site-progress] 37/112
[site-progress] 37/112
[site-progress] 37/112
[site-progress] 37/112
[site-progress] 37/112
[site-progress] 37/112
[site-progress] 37/112
[site-progress] 37/112
[site-progress] 37/112
[site-progress] 37/112
[site-progress] 37/112
[site-progress] 38/112
[site-progress] 38/112
[site-progress] 38/112
[site-progress] 38/112
[site-progress] 38/112
[site-progress] 38/112
[site-progress] 38/112
[site-progress] 38/112
[site-progress] 38/112
[site-progress] 38/112
[site-progress] 38/112
[site-progress] 38/112
[site-progress] 38/112
[site-progress] 38/112
[site-progress] 39/112
[site-progress] 39/112
[site-progress] 39/112
[site-progress] 39/112
[site-progress] 39/112
[site-progress] 39/112
[site-progress] 39/112
[site-progress] 39/112
[site-progress] 39/112
[site-progress] 39/112
[site-progress] 39/112
[site-progress] 39/112
[site-progress] 40/112
[site-progress] 40/112
[site-progress] 40/112
[site-progress] 40/112
[site-progress] 40/112
[site-progress] 40/112
[site-progress] 40/112
[site-progress] 40/112
[site-progress] 40/112
[site-progress] 40/112
[site-progress] 40/112
[site-progress] 40/112
[site-progress] 41/112
[site-progress] 41/112
[site-progress] 41/112
[site-progress] 41/112
[site-progress] 41/112
[site-progress] 41/112
[site-progress] 41/112
[site-progress] 41/112
[site-progress] 41/112
[site-progress] 41/112
[site-progress] 41/112
[site-progress] 41/112
[site-progress] 41/112
[site-progress] 41/112
[site-progress] 41/112
[site-progress] 41/112
[site-progress] 41/112
[site-progress] 42/112
[site-progress] 42/112
[site-progress] 42/112
[site-progress] 42/112
[site-progress] 42/112
[site-progress] 42/112
[site-progress] 42/112
[site-progress] 42/112
[site-progress] 42/112
[site-progress] 42/112
[site-progress] 42/112
[site-progress] 42/112
[site-progress] 43/112
[site-progress] 43/112
[site-progress] 43/112
[site-progress] 43/112
[site-progress] 43/112
[site-progress] 43/112
[site-progress] 43/112
[site-progress] 43/112
[site-progress] 43/112
[site-progress] 43/112
[site-progress] 43/112
[site-progress] 43/112
[site-progress] 44/112
[site-progress] 44/112
[site-progress] 44/112
[site-progress] 44/112
[site-progress] 44/112
[site-progress] 44/112
[site-progress] 44/112
[site-progress] 44/112
[site-progress] 44/112
[site-progress] 44/112
[site-progress] 44/112
[site-progress] 44/112
[site-progress] 44/112
[site-progress] 45/112
[site-progress] 45/112
[site-progress] 45/112
[site-progress] 45/112
[site-progress] 45/112
[site-progress] 45/112
[site-progress] 45/112
[site-progress] 45/112
[site-progress] 45/112
[site-progress] 45/112
[site-progress] 45/112
[site-progress] 45/112
[site-progress] 45/112
[site-progress] 45/112
[site-progress] 45/112
[site-progress] 46/112
[site-progress] 46/112
[site-progress] 46/112
[site-progress] 46/112
[site-progress] 46/112
[site-progress] 46/112
[site-progress] 46/112
[site-progress] 46/112
[site-progress] 46/112
[site-progress] 46/112
[site-progress] 46/112
[site-progress] 46/112
[site-progress] 47/112
[site-progress] 47/112
[site-progress] 47/112
[site-progress] 47/112
[site-progress] 47/112
[site-progress] 47/112
[site-progress] 47/112
[site-progress] 47/112
[site-progress] 47/112
[site-progress] 47/112
[site-progress] 47/112
[site-progress] 47/112
[site-progress] 47/112
[site-progress] 47/112
[site-progress] 48/112
[site-progress] 48/112
[site-progress] 48/112
[site-progress] 48/112
[site-progress] 48/112
[site-progress] 48/112
[site-progress] 48/112
[site-progress] 48/112
[site-progress] 48/112
[site-progress] 48/112
[site-progress] 48/112
[site-progress] 48/112
[site-progress] 49/112
[site-progress] 49/112
[site-progress] 49/112
[site-progress] 49/112
[site-progress] 49/112
[site-progress] 49/112
[site-progress] 49/112
[site-progress] 49/112
[site-progress] 49/112
[site-progress] 49/112
[site-progress] 49/112
[site-progress] 49/112
[site-progress] 50/112
[site-progress] 50/112
[site-progress] 50/112
[site-progress] 50/112
[site-progress] 50/112
[site-progress] 50/112
[site-progress] 50/112
[site-progress] 50/112
[site-progress] 50/112
[site-progress] 50/112
[site-progress] 50/112
[site-progress] 50/112
[site-progress] 50/112
[site-progress] 51/112
[site-progress] 51/112
[site-progress] 51/112
[site-progress] 51/112
[site-progress] 51/112
[site-progress] 51/112
[site-progress] 51/112
[site-progress] 51/112
[site-progress] 51/112
[site-progress] 51/112
[site-progress] 51/112
[site-progress] 51/112
[site-progress] 52/112
[site-progress] 52/112
[site-progress] 52/112
[site-progress] 52/112
[site-progress] 52/112
[site-progress] 52/112
[site-progress] 52/112
[site-progress] 52/112
[site-progress] 52/112
[site-progress] 52/112
[site-progress] 52/112
[site-progress] 52/112
[site-progress] 52/112
[site-progress] 52/112
[site-progress] 53/112
[site-progress] 53/112
[site-progress] 53/112
[site-progress] 53/112
[site-progress] 53/112
[site-progress] 53/112
[site-progress] 53/112
[site-progress] 53/112
[site-progress] 53/112
[site-progress] 53/112
[site-progress] 53/112
[site-progress] 53/112
[site-progress] 53/112
[site-progress] 53/112
[site-progress] 53/112
[site-progress] 54/112
[site-progress] 54/112
[site-progress] 54/112
[site-progress] 54/112
[site-progress] 54/112
[site-progress] 54/112
[site-progress] 54/112
[site-progress] 54/112
[site-progress] 54/112
[site-progress] 54/112
[site-progress] 54/112
[site-progress] 54/112
[site-progress] 55/112
[site-progress] 55/112
[site-progress] 55/112
[site-progress] 55/112
[site-progress] 55/112
[site-progress] 55/112
[site-progress] 55/112
[site-progress] 55/112
[site-progress] 55/112
[site-progress] 55/112
[site-progress] 55/112
[site-progress] 55/112
[site-progress] 56/112
[site-progress] 56/112
[site-progress] 56/112
[site-progress] 56/112
[site-progress] 56/112
[site-progress] 56/112
[site-progress] 56/112
[site-progress] 56/112
[site-progress] 56/112
[site-progress] 56/112
[site-progress] 56/112
[site-progress] 56/112
[site-progress] 56/112
[site-progress] 56/112
[site-progress] 56/112
[site-progress] 56/112
[site-progress] 56/112
[site-progress] 57/112
[site-progress] 57/112
[site-progress] 57/112
[site-progress] 57/112
[site-progress] 57/112
[site-progress] 57/112
[site-progress] 57/112
[site-progress] 57/112
[site-progress] 57/112
[site-progress] 57/112
[site-progress] 57/112
[site-progress] 57/112
[site-progress] 58/112
[site-progress] 58/112
[site-progress] 58/112
[site-progress] 58/112
[site-progress] 58/112
[site-progress] 58/112
[site-progress] 58/112
[site-progress] 58/112
[site-progress] 58/112
[site-progress] 58/112
[site-progress] 58/112
[site-progress] 58/112
[site-progress] 59/112
[site-progress] 59/112
[site-progress] 59/112
[site-progress] 59/112
[site-progress] 59/112
[site-progress] 59/112
[site-progress] 59/112
[site-progress] 59/112
[site-progress] 59/112
[site-progress] 59/112
[site-progress] 59/112
[site-progress] 59/112
[site-progress] 59/112
[site-progress] 59/112
[site-progress] 60/112
[site-progress] 60/112
[site-progress] 60/112
[site-progress] 60/112
[site-progress] 60/112
[site-progress] 60/112
[site-progress] 60/112
[site-progress] 60/112
[site-progress] 60/112
[site-progress] 60/112
[site-progress] 60/112
[site-progress] 60/112
[site-progress] 61/112
[site-progress] 61/112
[site-progress] 61/112
[site-progress] 61/112
[site-progress] 61/112
[site-progress] 61/112
[site-progress] 61/112
[site-progress] 61/112
[site-progress] 61/112
[site-progress] 61/112
[site-progress] 61/112
[site-progress] 61/112
[site-progress] 61/112
[site-progress] 61/112
[site-progress] 62/112
[site-progress] 62/112
[site-progress] 62/112
[site-progress] 62/112
[site-progress] 62/112
[site-progress] 62/112
[site-progress] 62/112
[site-progress] 62/112
[site-progress] 62/112
[site-progress] 62/112
[site-progress] 62/112
[site-progress] 62/112
[site-progress] 62/112
[site-progress] 62/112
[site-progress] 63/112
[site-progress] 63/112
[site-progress] 63/112
[site-progress] 63/112
[site-progress] 63/112
[site-progress] 63/112
[site-progress] 63/112
[site-progress] 63/112
[site-progress] 63/112
[site-progress] 63/112
[site-progress] 63/112
[site-progress] 63/112
[site-progress] 64/112
[site-progress] 64/112
[site-progress] 64/112
[site-progress] 64/112
[site-progress] 64/112
[site-progress] 64/112
[site-progress] 64/112
[site-progress] 64/112
[site-progress] 64/112
[site-progress] 64/112
[site-progress] 64/112
[site-progress] 64/112
[site-progress] 65/112
[site-progress] 65/112
[site-progress] 65/112
[site-progress] 65/112
[site-progress] 65/112
[site-progress] 65/112
[site-progress] 65/112
[site-progress] 65/112
[site-progress] 65/112
[site-progress] 65/112
[site-progress] 65/112
[site-progress] 65/112
[site-progress] 65/112
[site-progress] 66/112
[site-progress] 66/112
[site-progress] 66/112
[site-progress] 66/112
[site-progress] 66/112
[site-progress] 66/112
[site-progress] 66/112
[site-progress] 66/112
[site-progress] 66/112
[site-progress] 66/112
[site-progress] 66/112
[site-progress] 66/112
[site-progress] 67/112
[site-progress] 67/112
[site-progress] 67/112
[site-progress] 67/112
[site-progress] 67/112
[site-progress] 67/112
[site-progress] 67/112
[site-progress] 67/112
[site-progress] 67/112
[site-progress] 67/112
[site-progress] 67/112
[site-progress] 67/112
[site-progress] 67/112
[site-progress] 68/112
[site-progress] 68/112
[site-progress] 68/112
[site-progress] 68/112
[site-progress] 68/112
[site-progress] 68/112
[site-progress] 68/112
[site-progress] 68/112
[site-progress] 68/112
[site-progress] 68/112
[site-progress] 68/112
[site-progress] 68/112
[site-progress] 68/112
[site-progress] 68/112
[site-progress] 68/112
[site-progress] 68/112
[site-progress] 68/112
[site-progress] 68/112
[site-progress] 68/112
[site-progress] 68/112
[site-progress] 68/112
[site-progress] 68/112
[site-progress] 68/112
[site-progress] 68/112
[site-progress] 69/112
[site-progress] 69/112
[site-progress] 69/112
[site-progress] 69/112
[site-progress] 69/112
[site-progress] 69/112
[site-progress] 69/112
[site-progress] 69/112
[site-progress] 69/112
[site-progress] 69/112
[site-progress] 69/112
[site-progress] 69/112
[site-progress] 70/112
[site-progress] 70/112
[site-progress] 70/112
[site-progress] 70/112
[site-progress] 70/112
[site-progress] 70/112
[site-progress] 70/112
[site-progress] 70/112
[site-progress] 70/112
[site-progress] 70/112
[site-progress] 70/112
[site-progress] 70/112
[site-progress] 71/112
[site-progress] 71/112
[site-progress] 71/112
[site-progress] 71/112
[site-progress] 71/112
[site-progress] 71/112
[site-progress] 71/112
[site-progress] 71/112
[site-progress] 71/112
[site-progress] 71/112
[site-progress] 71/112
[site-progress] 71/112
[site-progress] 71/112
[site-progress] 71/112
[site-progress] 71/112
[site-progress] 72/112
[site-progress] 72/112
[site-progress] 72/112
[site-progress] 72/112
[site-progress] 72/112
[site-progress] 72/112
[site-progress] 72/112
[site-progress] 72/112
[site-progress] 72/112
[site-progress] 72/112
[site-progress] 72/112
[site-progress] 72/112
[site-progress] 72/112
[site-progress] 73/112
[site-progress] 73/112
[site-progress] 73/112
[site-progress] 73/112
[site-progress] 73/112
[site-progress] 73/112
[site-progress] 73/112
[site-progress] 73/112
[site-progress] 73/112
[site-progress] 73/112
[site-progress] 73/112
[site-progress] 73/112
[site-progress] 73/112
[site-progress] 73/112
[site-progress] 74/112
[site-progress] 74/112
[site-progress] 74/112
[site-progress] 74/112
[site-progress] 74/112
[site-progress] 74/112
[site-progress] 74/112
[site-progress] 74/112
[site-progress] 74/112
[site-progress] 74/112
[site-progress] 74/112
[site-progress] 74/112
[site-progress] 74/112
[site-progress] 75/112
[site-progress] 75/112
[site-progress] 75/112
[site-progress] 75/112
[site-progress] 75/112
[site-progress] 75/112
[site-progress] 75/112
[site-progress] 75/112
[site-progress] 75/112
[site-progress] 75/112
[site-progress] 75/112
[site-progress] 75/112
[site-progress] 76/112
[site-progress] 76/112
[site-progress] 76/112
[site-progress] 76/112
[site-progress] 76/112
[site-progress] 76/112
[site-progress] 76/112
[site-progress] 76/112
[site-progress] 76/112
[site-progress] 76/112
[site-progress] 76/112
[site-progress] 76/112
[site-progress] 77/112
[site-progress] 77/112
[site-progress] 77/112
[site-progress] 77/112
[site-progress] 77/112
[site-progress] 77/112
[site-progress] 77/112
[site-progress] 77/112
[site-progress] 77/112
[site-progress] 77/112
[site-progress] 77/112
[site-progress] 77/112
[site-progress] 77/112
[site-progress] 77/112
[site-progress] 77/112
[site-progress] 77/112
[site-progress] 77/112
[site-progress] 77/112
[site-progress] 77/112
[site-progress] 78/112
[site-progress] 78/112
[site-progress] 78/112
[site-progress] 78/112
[site-progress] 78/112
[site-progress] 78/112
[site-progress] 78/112
[site-progress] 78/112
[site-progress] 78/112
[site-progress] 78/112
[site-progress] 78/112
[site-progress] 78/112
[site-progress] 79/112
[site-progress] 79/112
[site-progress] 79/112
[site-progress] 79/112
[site-progress] 79/112
[site-progress] 79/112
[site-progress] 79/112
[site-progress] 79/112
[site-progress] 79/112
[site-progress] 79/112
[site-progress] 79/112
[site-progress] 79/112
[site-progress] 80/112
[site-progress] 80/112
[site-progress] 80/112
[site-progress] 80/112
[site-progress] 80/112
[site-progress] 80/112
[site-progress] 80/112
[site-progress] 80/112
[site-progress] 80/112
[site-progress] 80/112
[site-progress] 80/112
[site-progress] 80/112
[site-progress] 80/112
[site-progress] 80/112
[site-progress] 80/112
[site-progress] 81/112
[site-progress] 81/112
[site-progress] 81/112
[site-progress] 81/112
[site-progress] 81/112
[site-progress] 81/112
[site-progress] 81/112
[site-progress] 81/112
[site-progress] 81/112
[site-progress] 81/112
[site-progress] 81/112
[site-progress] 81/112
[site-progress] 81/112
[site-progress] 82/112
[site-progress] 82/112
[site-progress] 82/112
[site-progress] 82/112
[site-progress] 82/112
[site-progress] 82/112
[site-progress] 82/112
[site-progress] 82/112
[site-progress] 82/112
[site-progress] 82/112
[site-progress] 82/112
[site-progress] 82/112
[site-progress] 83/112
[site-progress] 83/112
[site-progress] 83/112
[site-progress] 83/112
[site-progress] 83/112
[site-progress] 83/112
[site-progress] 83/112
[site-progress] 83/112
[site-progress] 83/112
[site-progress] 83/112
[site-progress] 83/112
[site-progress] 83/112
[site-progress] 83/112
[site-progress] 84/112
[site-progress] 84/112
[site-progress] 84/112
[site-progress] 84/112
[site-progress] 84/112
[site-progress] 84/112
[site-progress] 84/112
[site-progress] 84/112
[site-progress] 84/112
[site-progress] 84/112
[site-progress] 84/112
[site-progress] 84/112
[site-progress] 85/112
[site-progress] 85/112
[site-progress] 85/112
[site-progress] 85/112
[site-progress] 85/112
[site-progress] 85/112
[site-progress] 85/112
[site-progress] 85/112
[site-progress] 85/112
[site-progress] 85/112
[site-progress] 85/112
[site-progress] 85/112
[site-progress] 86/112
[site-progress] 86/112
[site-progress] 86/112
[site-progress] 86/112
[site-progress] 86/112
[site-progress] 86/112
[site-progress] 86/112
[site-progress] 86/112
[site-progress] 86/112
[site-progress] 86/112
[site-progress] 86/112
[site-progress] 86/112
[site-progress] 86/112
[site-progress] 87/112
[site-progress] 87/112
[site-progress] 87/112
[site-progress] 87/112
[site-progress] 87/112
[site-progress] 87/112
[site-progress] 87/112
[site-progress] 87/112
[site-progress] 87/112
[site-progress] 87/112
[site-progress] 87/112
[site-progress] 87/112
[site-progress] 88/112
[site-progress] 88/112
[site-progress] 88/112
[site-progress] 88/112
[site-progress] 88/112
[site-progress] 88/112
[site-progress] 88/112
[site-progress] 88/112
[site-progress] 88/112
[site-progress] 88/112
[site-progress] 88/112
[site-progress] 88/112
[site-progress] 88/112
[site-progress] 89/112
[site-progress] 89/112
[site-progress] 89/112
[site-progress] 89/112
[site-progress] 89/112
[site-progress] 89/112
[site-progress] 89/112
[site-progress] 89/112
[site-progress] 89/112
[site-progress] 89/112
[site-progress] 89/112
[site-progress] 89/112
[site-progress] 89/112
[site-progress] 90/112
[site-progress] 90/112
[site-progress] 90/112
[site-progress] 90/112
[site-progress] 90/112
[site-progress] 90/112
[site-progress] 90/112
[site-progress] 90/112
[site-progress] 90/112
[site-progress] 90/112
[site-progress] 90/112
[site-progress] 90/112
[site-progress] 91/112
[site-progress] 91/112
[site-progress] 91/112
[site-progress] 91/112
[site-progress] 91/112
[site-progress] 91/112
[site-progress] 91/112
[site-progress] 91/112
[site-progress] 91/112
[site-progress] 91/112
[site-progress] 91/112
[site-progress] 91/112
[site-progress] 92/112
[site-progress] 92/112
[site-progress] 92/112
[site-progress] 92/112
[site-progress] 92/112
[site-progress] 92/112
[site-progress] 92/112
[site-progress] 92/112
[site-progress] 92/112
[site-progress] 92/112
[site-progress] 92/112
[site-progress] 92/112
[site-progress] 92/112
[site-progress] 92/112
[site-progress] 92/112
[site-progress] 92/112
[site-progress] 92/112
[site-progress] 92/112
[site-progress] 92/112
[site-progress] 92/112
[site-progress] 92/112
[site-progress] 93/112
[site-progress] 93/112
[site-progress] 93/112
[site-progress] 93/112
[site-progress] 93/112
[site-progress] 93/112
[site-progress] 93/112
[site-progress] 93/112
[site-progress] 93/112
[site-progress] 93/112
[site-progress] 93/112
[site-progress] 93/112
[site-progress] 94/112
[site-progress] 94/112
[site-progress] 94/112
[site-progress] 94/112
[site-progress] 94/112
[site-progress] 94/112
[site-progress] 94/112
[site-progress] 94/112
[site-progress] 94/112
[site-progress] 94/112
[site-progress] 94/112
[site-progress] 94/112
[site-progress] 94/112
[site-progress] 95/112
[site-progress] 95/112
[site-progress] 95/112
[site-progress] 95/112
[site-progress] 95/112
[site-progress] 95/112
[site-progress] 95/112
[site-progress] 95/112
[site-progress] 95/112
[site-progress] 95/112
[site-progress] 95/112
[site-progress] 95/112
[site-progress] 95/112
[site-progress] 96/112
[site-progress] 96/112
[site-progress] 96/112
[site-progress] 96/112
[site-progress] 96/112
[site-progress] 96/112
[site-progress] 96/112
[site-progress] 96/112
[site-progress] 96/112
[site-progress] 96/112
[site-progress] 96/112
[site-progress] 96/112
[site-progress] 97/112
[site-progress] 97/112
[site-progress] 97/112
[site-progress] 97/112
[site-progress] 97/112
[site-progress] 97/112
[site-progress] 97/112
[site-progress] 97/112
[site-progress] 97/112
[site-progress] 97/112
[site-progress] 97/112
[site-progress] 97/112
[site-progress] 98/112
[site-progress] 98/112
[site-progress] 98/112
[site-progress] 98/112
[site-progress] 98/112
[site-progress] 98/112
[site-progress] 98/112
[site-progress] 98/112
[site-progress] 98/112
[site-progress] 98/112
[site-progress] 98/112
[site-progress] 98/112
[site-progress] 98/112
[site-progress] 98/112
[site-progress] 99/112
[site-progress] 99/112
[site-progress] 99/112
[site-progress] 99/112
[site-progress] 99/112
[site-progress] 99/112
[site-progress] 99/112
[site-progress] 99/112
[site-progress] 99/112
[site-progress] 99/112
[site-progress] 99/112
[site-progress] 99/112
[site-progress] 100/112
[site-progress] 100/112
[site-progress] 100/112
[site-progress] 100/112
[site-progress] 100/112
[site-progress] 100/112
[site-progress] 100/112
[site-progress] 100/112
[site-progress] 100/112
[site-progress] 100/112
[site-progress] 100/112
[site-progress] 100/112
[site-progress] 101/112
[site-progress] 101/112
[site-progress] 101/112
[site-progress] 101/112
[site-progress] 101/112
[site-progress] 101/112
[site-progress] 101/112
[site-progress] 101/112
[site-progress] 101/112
[site-progress] 101/112
[site-progress] 101/112
[site-progress] 101/112
[site-progress] 101/112
[site-progress] 102/112
[site-progress] 102/112
[site-progress] 102/112
[site-progress] 102/112
[site-progress] 102/112
[site-progress] 102/112
[site-progress] 102/112
[site-progress] 102/112
[site-progress] 102/112
[site-progress] 102/112
[site-progress] 102/112
[site-progress] 102/112
[site-progress] 103/112
[site-progress] 103/112
[site-progress] 103/112
[site-progress] 103/112
[site-progress] 103/112
[site-progress] 103/112
[site-progress] 103/112
[site-progress] 103/112
[site-progress] 103/112
[site-progress] 103/112
[site-progress] 103/112
[site-progress] 103/112
[site-progress] 103/112
[site-progress] 104/112
[site-progress] 104/112
[site-progress] 104/112
[site-progress] 104/112
[site-progress] 104/112
[site-progress] 104/112
[site-progress] 104/112
[site-progress] 104/112
[site-progress] 104/112
[site-progress] 104/112
[site-progress] 104/112
[site-progress] 104/112
[site-progress] 104/112
[site-progress] 104/112
[site-progress] 105/112
[site-progress] 105/112
[site-progress] 105/112
[site-progress] 105/112
[site-progress] 105/112
[site-progress] 105/112
[site-progress] 105/112
[site-progress] 105/112
[site-progress] 105/112
[site-progress] 105/112
[site-progress] 105/112
[site-progress] 105/112
[site-progress] 106/112
[site-progress] 106/112
[site-progress] 106/112
[site-progress] 106/112
[site-progress] 106/112
[site-progress] 106/112
[site-progress] 106/112
[site-progress] 106/112
[site-progress] 106/112
[site-progress] 106/112
[site-progress] 106/112
[site-progress] 106/112
[site-progress] 107/112
[site-progress] 107/112
[site-progress] 107/112
[site-progress] 107/112
[site-progress] 107/112
[site-progress] 107/112
[site-progress] 107/112
[site-progress] 107/112
[site-progress] 107/112
[site-progress] 107/112
[site-progress] 107/112
[site-progress] 107/112
[site-progress] 107/112
[site-progress] 107/112
[site-progress] 107/112
[site-progress] 107/112
[site-progress] 107/112
[site-progress] 108/112
[site-progress] 108/112
[site-progress] 108/112
[site-progress] 108/112
[site-progress] 108/112
[site-progress] 108/112
[site-progress] 108/112
[site-progress] 108/112
[site-progress] 108/112
[site-progress] 108/112
[site-progress] 108/112
[site-progress] 108/112
[site-progress] 109/112
[site-progress] 109/112
[site-progress] 109/112
[site-progress] 109/112
[site-progress] 109/112
[site-progress] 109/112
[site-progress] 109/112
[site-progress] 109/112
[site-progress] 109/112
[site-progress] 109/112
[site-progress] 109/112
[site-progress] 109/112
[site-progress] 110/112
[site-progress] 110/112
[site-progress] 110/112
[site-progress] 110/112
[site-progress] 110/112
[site-progress] 110/112
[site-progress] 110/112
[site-progress] 110/112
[site-progress] 110/112
[site-progress] 110/112
[site-progress] 110/112
[site-progress] 110/112
[site-progress] 110/112
[site-progress] 110/112
[site-progress] 111/112
[site-progress] 111/112
[site-progress] 111/112
[site-progress] 111/112
[site-progress] 111/112
[site-progress] 111/112
[site-progress] 111/112
[site-progress] 111/112
[site-progress] 111/112
[site-progress] 111/112
[site-progress] 111/112
[site-progress] 111/112
[site-progress] 111/112
[site-progress] 112/112
[site-progress] NA/NA
/Users/yr001/Downloads/肿胀的粉红色花朵想立即暨！.mp4
